2021-10-08 22:40:08,273 INFO :: Info
2021-10-08 22:40:08,273 WARNING :: warning
2021-10-08 22:40:08,273 ERROR :: error
2021-10-08 22:49:01,864 INFO :: This is logged in all cases
2021-10-08 22:49:01,864 INFO :: This is logged only if we execute main.py file
2021-10-09 00:31:00,654 INFO :: Binance Futuers
2021-10-09 00:31:39,543 INFO :: Binance Futuers
2021-10-09 00:32:12,156 INFO :: Binance Futuers
2021-10-09 00:33:15,991 INFO :: Binance Futuers
2021-10-09 13:37:20,942 INFO :: Binance Futuers
2021-10-09 13:37:24,879 INFO :: Binance Connection Opened
2021-10-09 13:38:08,203 INFO :: Binance Futuers
2021-10-09 13:38:08,996 INFO :: Binance Connection Opened
2021-10-09 13:38:48,637 INFO :: Binance Futuers
2021-10-09 13:38:49,556 INFO :: Binance Connection Opened
2021-10-09 13:40:04,736 INFO :: Binance Futuers
2021-10-09 13:40:05,527 INFO :: Binance Connection Opened
2021-10-09 13:41:04,014 INFO :: Binance Futuers
2021-10-09 13:41:04,675 INFO :: Binance Connection Opened
2021-10-09 13:41:04,728 ERROR :: Error while making GET request to /fapi/v2/account: {'code': -2014, 'msg': 'API-key format invalid.'} (error code 401)
2021-10-09 19:18:42,469 INFO :: Binance Futuers
2021-10-09 19:18:43,120 INFO :: Binance Connection Opened
2021-10-09 19:18:43,431 ERROR :: Error while making GET request to /fapi/v2/account: {'code': -2014, 'msg': 'API-key format invalid.'} (error code 401)
2021-10-09 19:19:04,501 INFO :: Binance Futuers
2021-10-09 19:19:05,425 INFO :: Binance Connection Opened
2021-10-09 19:20:02,573 INFO :: Binance Futuers
2021-10-09 19:20:03,459 INFO :: Binance Connection Opened
2021-10-09 19:20:48,012 INFO :: Binance Futuers
2021-10-09 19:20:48,826 INFO :: Binance Connection Opened
2021-10-09 19:21:11,288 INFO :: Binance Futuers
2021-10-09 19:21:12,045 INFO :: Binance Connection Opened
2021-10-09 19:21:44,821 INFO :: Binance Futuers
2021-10-09 19:21:45,632 INFO :: Binance Connection Opened
2021-10-09 19:38:47,742 INFO :: Binance Futuers
2021-10-09 19:38:48,392 INFO :: Binance Connection Opened
2021-10-09 19:38:48,479 ERROR :: Error while making GET request to /fapi/v2/account: {'code': -2014, 'msg': 'API-key format invalid.'} (error code 401)
2021-10-09 19:39:19,277 INFO :: Binance Futuers
2021-10-09 19:39:19,867 INFO :: Binance Connection Opened
2021-10-09 19:39:20,157 ERROR :: Error while making GET request to /fapi/v2/account: {'code': -2014, 'msg': 'API-key format invalid.'} (error code 401)
2021-11-29 22:57:06,851 ERROR :: Error while making GET request to /fapi/v2/account: {'code': -2014, 'msg': 'API-key format invalid.'} (error code 401)
2021-11-29 22:57:06,861 INFO :: Binance Futuers
2021-11-29 22:57:07,177 ERROR :: Error while making GET request to /fapi/v2/account: {'code': -2014, 'msg': 'API-key format invalid.'} (error code 401)
2021-11-29 22:57:50,622 ERROR :: Error while making GET request to /fapi/v2/account: {'code': -2014, 'msg': 'API-key format invalid.'} (error code 401)
2021-11-29 22:57:50,623 INFO :: Binance Futuers
2021-11-29 22:57:50,903 ERROR :: Error while making GET request to /fapi/v2/account: {'code': -2014, 'msg': 'API-key format invalid.'} (error code 401)
2021-11-29 23:06:22,171 ERROR :: Error while making GET request to /fapi/v2/account: {'code': -2014, 'msg': 'API-key format invalid.'} (error code 401)
2021-11-29 23:06:22,172 INFO :: Binance Futuers
2021-11-29 23:08:06,705 ERROR :: Error while making GET request to /fapi/v2/account: {'code': -2014, 'msg': 'API-key format invalid.'} (error code 401)
2021-11-29 23:08:06,706 INFO :: Binance Futuers
2021-11-29 23:09:09,675 ERROR :: Error while making GET request to /fapi/v2/account: {'code': -2014, 'msg': 'API-key format invalid.'} (error code 401)
2021-11-29 23:09:09,676 INFO :: Binance Futuers
2021-11-29 23:12:41,850 ERROR :: Error while making GET request to /fapi/v2/account: {'code': -2014, 'msg': 'API-key format invalid.'} (error code 401)
2021-11-29 23:12:41,852 INFO :: Binance Futuers
2021-11-29 23:12:42,157 ERROR :: Error while making GET request to /fapi/v2/account: {'code': -2014, 'msg': 'API-key format invalid.'} (error code 401)
2021-11-29 23:13:07,920 ERROR :: Error while making GET request to /fapi/v2/account: {'code': -2014, 'msg': 'API-key format invalid.'} (error code 401)
2021-11-29 23:13:07,923 INFO :: Binance Futuers
2021-11-29 23:13:08,267 ERROR :: Error while making GET request to /fapi/v2/account: {'code': -2014, 'msg': 'API-key format invalid.'} (error code 401)
2021-11-29 23:14:41,144 ERROR :: Error while making GET request to /fapi/v2/account: {'code': -2014, 'msg': 'API-key format invalid.'} (error code 401)
2021-11-29 23:14:41,147 INFO :: Binance Futuers
2021-11-29 23:14:41,663 ERROR :: Error while making GET request to /fapi/v2/account: {'code': -2014, 'msg': 'API-key format invalid.'} (error code 401)
2021-11-29 23:14:42,575 INFO :: Binance Connection Opened
2021-11-29 23:15:17,498 ERROR :: Error while making GET request to /fapi/v2/account: {'code': -2014, 'msg': 'API-key format invalid.'} (error code 401)
2021-11-29 23:15:17,501 INFO :: Binance Futuers
2021-11-29 23:15:18,315 INFO :: Binance Connection Opened
2021-11-29 23:16:44,537 ERROR :: Error while making GET request to /fapi/v2/account: {'code': -2014, 'msg': 'API-key format invalid.'} (error code 401)
2021-11-29 23:16:44,559 INFO :: Binance Futuers
2021-11-29 23:16:45,354 INFO :: Binance Connection Opened
2021-11-29 23:18:39,350 ERROR :: Error while making GET request to /fapi/v2/account: {'code': -2014, 'msg': 'API-key format invalid.'} (error code 401)
2021-11-29 23:18:39,352 INFO :: Binance Futuers
2021-11-29 23:18:39,872 ERROR :: Error while making GET request to /fapi/v2/account: {'code': -2014, 'msg': 'API-key format invalid.'} (error code 401)
2021-11-29 23:18:40,085 INFO :: Binance Connection Opened
2021-11-29 23:19:04,732 ERROR :: Error while making GET request to /fapi/v2/account: {'code': -2014, 'msg': 'API-key format invalid.'} (error code 401)
2021-11-29 23:27:53,876 ERROR :: Error while making GET request to /fapi/v2/account: {'code': -2014, 'msg': 'API-key format invalid.'} (error code 401)
2021-11-29 23:27:53,878 INFO :: Binance Futuers
2021-11-29 23:27:54,744 INFO :: Binance Connection Opened
2021-11-29 23:28:11,576 ERROR :: Error while making GET request to /fapi/v1/account: {'code': -2014, 'msg': 'API-key format invalid.'} (error code 401)
2021-11-29 23:28:11,579 INFO :: Binance Futuers
2021-11-29 23:28:12,413 INFO :: Binance Connection Opened
2021-11-30 00:31:14,038 ERROR :: Error while making GET request to /fapi/v2/account: {'code': -2014, 'msg': 'API-key format invalid.'} (error code 401)
2021-11-30 00:31:14,039 INFO :: Binance Futuers
2021-11-30 00:31:14,875 ERROR :: Error while making GET request to /fapi/v2/account: {'code': -2014, 'msg': 'API-key format invalid.'} (error code 401)
2021-11-30 00:31:15,680 INFO :: Binance Connection Opened
2021-11-30 00:32:58,639 ERROR :: Error while making GET request to /fapi/v1/account: {'code': -2014, 'msg': 'API-key format invalid.'} (error code 401)
2021-11-30 00:32:58,642 INFO :: Binance Futuers
2021-11-30 00:32:58,922 ERROR :: Error while making GET request to /fapi/v1/account: {'code': -2014, 'msg': 'API-key format invalid.'} (error code 401)
2021-11-30 00:32:59,603 INFO :: Binance Connection Opened
2021-11-30 00:33:52,596 ERROR :: Error while making GET request to /fapi/v1/account: {'code': -2014, 'msg': 'API-key format invalid.'} (error code 401)
2021-11-30 00:33:52,599 INFO :: Binance Futuers
2021-11-30 00:33:53,730 INFO :: Binance Connection Opened
2021-11-30 00:35:01,018 ERROR :: Error while making GET request to /fapi/v1/account: {'code': -2014, 'msg': 'API-key format invalid.'} (error code 401)
2021-11-30 00:35:01,020 INFO :: Binance Futuers
2021-11-30 00:35:02,378 INFO :: Binance Connection Opened
2021-11-30 10:05:03,498 ERROR :: Binance Connection Error [Errno 110] Connection timed out
2021-11-30 10:05:03,498 ERROR :: error from callback <bound method BinanceFutureClient._on_close of <connectors.binance_futures.BinanceFutureClient object at 0x7f85a01da3a0>>: _on_close() takes 2 positional arguments but 4 were given
2021-11-30 10:05:03,499 ERROR :: Binance Connection Error _on_close() takes 2 positional arguments but 4 were given
2021-11-30 10:05:04,271 INFO :: Binance Connection Opened
2021-11-30 10:10:30,224 ERROR :: Error while making GET request to /fapi/v1/account: {'code': -2014, 'msg': 'API-key format invalid.'} (error code 401)
2021-11-30 10:10:30,226 INFO :: Binance Futuers
2021-11-30 10:10:30,764 ERROR :: Error while making GET request to /fapi/v1/account: {'code': -2014, 'msg': 'API-key format invalid.'} (error code 401)
2021-11-30 10:10:30,969 INFO :: Binance Connection Opened
2021-11-30 10:24:40,401 ERROR :: Error while making GET request to /fapi/v1/account: {'code': -2014, 'msg': 'API-key format invalid.'} (error code 401)
2021-11-30 10:24:40,401 INFO :: Binance Futuers
2021-11-30 10:24:40,677 ERROR :: Error while making GET request to /fapi/v1/account: {'code': -2014, 'msg': 'API-key format invalid.'} (error code 401)
2021-11-30 10:24:41,165 INFO :: Binance Connection Opened
2021-11-30 10:40:12,928 ERROR :: Error while making GET request to /fapi/v1/account: {'code': -2014, 'msg': 'API-key format invalid.'} (error code 401)
2021-11-30 10:40:12,932 INFO :: Binance Futuers
2021-11-30 10:40:13,498 ERROR :: Error while making GET request to /fapi/v1/account: {'code': -2014, 'msg': 'API-key format invalid.'} (error code 401)
2021-11-30 10:40:13,689 INFO :: Binance Connection Opened
2021-11-30 10:54:00,573 ERROR :: Error while making GET request to /fapi/v1/account: {'code': -2014, 'msg': 'API-key format invalid.'} (error code 401)
2021-11-30 10:54:00,574 INFO :: Binance Futuers
2021-11-30 10:54:01,360 INFO :: Binance Connection Opened
2021-11-30 10:56:18,304 ERROR :: Error while making GET request to /fapi/v1/account: {'code': -2014, 'msg': 'API-key format invalid.'} (error code 401)
2021-11-30 10:56:18,325 INFO :: Binance Futuers
2021-11-30 10:56:19,023 INFO :: Binance Connection Opened
2021-11-30 10:57:53,933 ERROR :: Error while making GET request to /fapi/v1/account: {'code': -2014, 'msg': 'API-key format invalid.'} (error code 401)
2021-11-30 10:57:53,936 INFO :: Binance Futuers
2021-11-30 10:57:54,214 ERROR :: Error while making GET request to /fapi/v1/account: {'code': -2014, 'msg': 'API-key format invalid.'} (error code 401)
2021-11-30 10:57:54,545 INFO :: Binance Connection Opened
2021-11-30 10:58:07,148 ERROR :: Error while making GET request to /fapi/v1/account: {'code': -2014, 'msg': 'API-key format invalid.'} (error code 401)
2021-11-30 10:58:07,150 INFO :: Binance Futuers
2021-11-30 10:58:07,495 ERROR :: Error while making GET request to /fapi/v1/account: {'code': -2014, 'msg': 'API-key format invalid.'} (error code 401)
2021-11-30 10:58:07,959 INFO :: Binance Connection Opened
2021-11-30 10:58:39,582 ERROR :: Error while making GET request to /fapi/v1/account: {'code': -2014, 'msg': 'API-key format invalid.'} (error code 401)
2021-11-30 10:58:39,586 INFO :: Binance Futuers
2021-11-30 10:58:40,094 ERROR :: Error while making GET request to /fapi/v1/account: {'code': -2014, 'msg': 'API-key format invalid.'} (error code 401)
2021-11-30 10:58:40,310 INFO :: Binance Connection Opened
2021-11-30 11:05:43,717 ERROR :: Error while making GET request to /fapi/v2/account: {'code': -2014, 'msg': 'API-key format invalid.'} (error code 401)
2021-11-30 11:05:43,718 INFO :: Binance Futuers
2021-11-30 11:05:44,211 ERROR :: Error while making GET request to /fapi/v2/account: {'code': -2014, 'msg': 'API-key format invalid.'} (error code 401)
2021-11-30 11:05:44,350 INFO :: Binance Connection Opened
2021-11-30 11:09:07,869 ERROR :: Error while making GET request to /fapi/v2/account: {'code': -2014, 'msg': 'API-key format invalid.'} (error code 401)
2021-11-30 11:09:07,870 INFO :: Binance Futuers
2021-11-30 11:09:08,140 ERROR :: Error while making GET request to /fapi/v2/account: {'code': -2014, 'msg': 'API-key format invalid.'} (error code 401)
2021-11-30 11:09:08,570 INFO :: Binance Connection Opened
2021-11-30 11:09:57,440 ERROR :: Error while making GET request to /fapi/v2/account: {'code': -2014, 'msg': 'API-key format invalid.'} (error code 401)
2021-11-30 11:09:57,441 INFO :: Binance Futuers
2021-11-30 11:09:58,061 ERROR :: Error while making GET request to /fapi/v2/account: {'code': -2014, 'msg': 'API-key format invalid.'} (error code 401)
2021-11-30 11:09:58,201 INFO :: Binance Connection Opened
2021-11-30 11:10:34,015 ERROR :: Error while making GET request to /fapi/v2/account: {'code': -2014, 'msg': 'API-key format invalid.'} (error code 401)
2021-11-30 11:10:34,378 INFO :: Binance Futuers
2021-11-30 11:10:34,696 ERROR :: Error while making GET request to /fapi/v2/account: {'code': -2014, 'msg': 'API-key format invalid.'} (error code 401)
2021-11-30 11:10:35,085 INFO :: Binance Connection Opened
2021-11-30 11:11:24,887 ERROR :: Error while making GET request to /fapi/v2/account: {'code': -2014, 'msg': 'API-key format invalid.'} (error code 401)
2021-11-30 11:11:24,888 INFO :: Binance Futuers
2021-11-30 11:11:25,141 ERROR :: Error while making GET request to /fapi/v2/account: {'code': -2014, 'msg': 'API-key format invalid.'} (error code 401)
2021-11-30 11:11:25,546 INFO :: Binance Connection Opened
2021-11-30 11:12:02,083 ERROR :: Error while making GET request to /fapi/v2/account: {'code': -2014, 'msg': 'API-key format invalid.'} (error code 401)
2021-11-30 11:12:02,088 INFO :: Binance Futuers
2021-11-30 11:12:02,618 ERROR :: Error while making GET request to /fapi/v2/account: {'code': -2014, 'msg': 'API-key format invalid.'} (error code 401)
2021-11-30 11:12:02,802 INFO :: Binance Connection Opened
2021-11-30 11:14:01,241 ERROR :: Error while making GET request to /fapi/v2/account: {'code': -2014, 'msg': 'API-key format invalid.'} (error code 401)
2021-11-30 11:14:01,243 INFO :: Binance Futuers
2021-11-30 11:14:01,748 ERROR :: Error while making GET request to /fapi/v2/account: {'code': -2014, 'msg': 'API-key format invalid.'} (error code 401)
2021-11-30 11:14:01,873 INFO :: Binance Connection Opened
2021-11-30 11:15:20,624 ERROR :: Error while making GET request to /fapi/v2/account: {'code': -2014, 'msg': 'API-key format invalid.'} (error code 401)
2021-11-30 11:15:20,625 INFO :: Binance Futuers
2021-11-30 11:15:21,351 INFO :: Binance Connection Opened
2021-11-30 11:15:54,931 ERROR :: Error while making GET request to /fapi/v2/account: {'code': -2014, 'msg': 'API-key format invalid.'} (error code 401)
2021-11-30 11:15:54,933 INFO :: Binance Futuers
2021-11-30 11:15:55,567 INFO :: Binance Connection Opened
2021-11-30 11:20:53,581 ERROR :: Error while making GET request to /fapi/v2/balance: {'code': -2014, 'msg': 'API-key format invalid.'} (error code 401)
2021-11-30 11:20:53,583 INFO :: Binance Futuers
2021-11-30 11:20:54,237 ERROR :: Error while making GET request to /fapi/v2/balance: {'code': -2014, 'msg': 'API-key format invalid.'} (error code 401)
2021-11-30 11:20:54,273 INFO :: Binance Connection Opened
2021-11-30 11:23:48,895 ERROR :: Error while making GET request to /fapi/v2/balance: {'code': -2014, 'msg': 'API-key format invalid.'} (error code 401)
2021-11-30 11:23:48,897 INFO :: Binance Futuers
2021-11-30 11:23:49,161 ERROR :: Error while making GET request to /fapi/v2/balance: {'code': -2014, 'msg': 'API-key format invalid.'} (error code 401)
2021-11-30 11:23:49,534 INFO :: Binance Connection Opened
2021-11-30 11:24:10,589 ERROR :: Error while making GET request to /fapi/v2/balance: {'code': -2014, 'msg': 'API-key format invalid.'} (error code 401)
2021-11-30 11:24:10,592 INFO :: Binance Futuers
2021-11-30 11:24:10,921 ERROR :: Error while making GET request to /fapi/v2/balance: {'code': -2014, 'msg': 'API-key format invalid.'} (error code 401)
2021-11-30 11:24:11,183 INFO :: Binance Connection Opened
2021-11-30 12:59:11,566 ERROR :: Binance Connection Error Connection to remote host was lost.
2021-11-30 12:59:11,566 ERROR :: Binance Connection Error Connection to remote host was lost.
2021-11-30 12:59:11,568 ERROR :: error from callback <bound method BinanceFutureClient._on_close of <connectors.binance_futures.BinanceFutureClient object at 0x7fc22a98e430>>: _on_close() takes 2 positional arguments but 4 were given
2021-11-30 12:59:11,568 ERROR :: error from callback <bound method BinanceFutureClient._on_close of <connectors.binance_futures.BinanceFutureClient object at 0x7fcff1dc03a0>>: _on_close() takes 2 positional arguments but 4 were given
2021-11-30 12:59:11,568 ERROR :: Binance Connection Error _on_close() takes 2 positional arguments but 4 were given
2021-11-30 12:59:11,568 ERROR :: Binance Connection Error _on_close() takes 2 positional arguments but 4 were given
2021-11-30 12:59:12,277 ERROR :: Binance Connection Error Handshake status 502 Bad Gateway
2021-11-30 12:59:12,278 ERROR :: error from callback <bound method BinanceFutureClient._on_close of <connectors.binance_futures.BinanceFutureClient object at 0x7fcff1dc03a0>>: _on_close() takes 2 positional arguments but 4 were given
2021-11-30 12:59:12,278 ERROR :: Binance Connection Error _on_close() takes 2 positional arguments but 4 were given
2021-11-30 12:59:12,361 ERROR :: Binance Connection Error Handshake status 502 Bad Gateway
2021-11-30 12:59:12,361 ERROR :: error from callback <bound method BinanceFutureClient._on_close of <connectors.binance_futures.BinanceFutureClient object at 0x7fc22a98e430>>: _on_close() takes 2 positional arguments but 4 were given
2021-11-30 12:59:12,362 ERROR :: Binance Connection Error _on_close() takes 2 positional arguments but 4 were given
2021-11-30 12:59:12,879 ERROR :: Binance Connection Error Handshake status 502 Bad Gateway
2021-11-30 12:59:12,880 ERROR :: error from callback <bound method BinanceFutureClient._on_close of <connectors.binance_futures.BinanceFutureClient object at 0x7fcff1dc03a0>>: _on_close() takes 2 positional arguments but 4 were given
2021-11-30 12:59:12,880 ERROR :: Binance Connection Error _on_close() takes 2 positional arguments but 4 were given
2021-11-30 12:59:12,967 ERROR :: Binance Connection Error Handshake status 502 Bad Gateway
2021-11-30 12:59:12,967 ERROR :: error from callback <bound method BinanceFutureClient._on_close of <connectors.binance_futures.BinanceFutureClient object at 0x7fc22a98e430>>: _on_close() takes 2 positional arguments but 4 were given
2021-11-30 12:59:12,968 ERROR :: Binance Connection Error _on_close() takes 2 positional arguments but 4 were given
2021-11-30 12:59:13,468 ERROR :: Binance Connection Error Handshake status 502 Bad Gateway
2021-11-30 12:59:13,469 ERROR :: error from callback <bound method BinanceFutureClient._on_close of <connectors.binance_futures.BinanceFutureClient object at 0x7fcff1dc03a0>>: _on_close() takes 2 positional arguments but 4 were given
2021-11-30 12:59:13,469 ERROR :: Binance Connection Error _on_close() takes 2 positional arguments but 4 were given
2021-11-30 12:59:13,576 ERROR :: Binance Connection Error Handshake status 502 Bad Gateway
2021-11-30 12:59:13,577 ERROR :: error from callback <bound method BinanceFutureClient._on_close of <connectors.binance_futures.BinanceFutureClient object at 0x7fc22a98e430>>: _on_close() takes 2 positional arguments but 4 were given
2021-11-30 12:59:13,578 ERROR :: Binance Connection Error _on_close() takes 2 positional arguments but 4 were given
2021-11-30 12:59:14,085 ERROR :: Binance Connection Error Handshake status 502 Bad Gateway
2021-11-30 12:59:14,086 ERROR :: error from callback <bound method BinanceFutureClient._on_close of <connectors.binance_futures.BinanceFutureClient object at 0x7fcff1dc03a0>>: _on_close() takes 2 positional arguments but 4 were given
2021-11-30 12:59:14,086 ERROR :: Binance Connection Error _on_close() takes 2 positional arguments but 4 were given
2021-11-30 12:59:14,183 INFO :: Binance Connection Opened
2021-11-30 12:59:14,692 ERROR :: Binance Connection Error Handshake status 502 Bad Gateway
2021-11-30 12:59:14,693 ERROR :: error from callback <bound method BinanceFutureClient._on_close of <connectors.binance_futures.BinanceFutureClient object at 0x7fcff1dc03a0>>: _on_close() takes 2 positional arguments but 4 were given
2021-11-30 12:59:14,694 ERROR :: Binance Connection Error _on_close() takes 2 positional arguments but 4 were given
2021-11-30 12:59:15,352 INFO :: Binance Connection Opened
2021-11-30 13:50:19,306 ERROR :: Error while making GET request to /fapi/v2/account: {'code': -2014, 'msg': 'API-key format invalid.'} (error code 401)
2021-11-30 13:50:19,306 INFO :: Binance Futuers
2021-11-30 13:50:20,787 INFO :: Binance Connection Opened
2021-11-30 13:52:53,672 ERROR :: Error while making GET request to /fapi/v2/account: {'code': -2014, 'msg': 'API-key format invalid.'} (error code 401)
2021-11-30 13:52:53,674 INFO :: Binance Futuers
2021-11-30 13:52:54,366 INFO :: Binance Connection Opened
2021-11-30 13:53:42,124 ERROR :: Error while making GET request to /fapi/v2/account: {'code': -2014, 'msg': 'API-key format invalid.'} (error code 401)
2021-11-30 13:53:42,127 INFO :: Binance Futuers
2021-11-30 13:53:42,732 INFO :: Binance Connection Opened
2021-11-30 13:54:14,174 ERROR :: Error while making GET request to /fapi/v2/account: {'code': -2014, 'msg': 'API-key format invalid.'} (error code 401)
2021-11-30 13:54:14,176 INFO :: Binance Futuers
2021-11-30 13:54:14,838 INFO :: Binance Connection Opened
2021-11-30 18:48:35,392 ERROR :: Binance Connection Error [Errno 110] Connection timed out
2021-11-30 18:48:35,394 ERROR :: error from callback <bound method BinanceFutureClient._on_close of <connectors.binance_futures.BinanceFutureClient object at 0x7fcff1dc03a0>>: _on_close() takes 2 positional arguments but 4 were given
2021-11-30 18:48:35,394 ERROR :: Binance Connection Error _on_close() takes 2 positional arguments but 4 were given
2021-11-30 18:48:36,329 INFO :: Binance Connection Opened
2021-11-30 18:48:36,670 ERROR :: Binance Connection Error [Errno 110] Connection timed out
2021-11-30 18:48:36,671 ERROR :: error from callback <bound method BinanceFutureClient._on_close of <connectors.binance_futures.BinanceFutureClient object at 0x7fc6e1006430>>: _on_close() takes 2 positional arguments but 4 were given
2021-11-30 18:48:36,671 ERROR :: Binance Connection Error _on_close() takes 2 positional arguments but 4 were given
2021-11-30 18:48:37,276 INFO :: Binance Connection Opened
2021-11-30 21:04:40,242 ERROR :: Binance Connection Error [Errno 110] Connection timed out
2021-11-30 21:04:40,242 ERROR :: Binance Connection Error [Errno 110] Connection timed out
2021-11-30 21:04:40,244 ERROR :: error from callback <bound method BinanceFutureClient._on_close of <connectors.binance_futures.BinanceFutureClient object at 0x7fcff1dc03a0>>: _on_close() takes 2 positional arguments but 4 were given
2021-11-30 21:04:40,244 ERROR :: error from callback <bound method BinanceFutureClient._on_close of <connectors.binance_futures.BinanceFutureClient object at 0x7fc6e1006430>>: _on_close() takes 2 positional arguments but 4 were given
2021-11-30 21:04:40,244 ERROR :: Binance Connection Error _on_close() takes 2 positional arguments but 4 were given
2021-11-30 21:04:40,244 ERROR :: Binance Connection Error _on_close() takes 2 positional arguments but 4 were given
2021-11-30 21:04:40,997 INFO :: Binance Connection Opened
2021-11-30 21:04:40,997 INFO :: Binance Connection Opened
2021-11-30 23:37:11,716 ERROR :: Error while making GET request to /api/v3/exchangeInfo: {'timestamp': 1638295631216, 'status': 404, 'error': 'Not Found', 'message': 'No message available', 'path': '/api/v3/exchangeInfo'} (error code 404)
2021-11-30 23:37:12,541 ERROR :: Error while making GET request to /fapi/v2/account: {'code': -2014, 'msg': 'API-key format invalid.'} (error code 401)
2021-11-30 23:37:12,541 INFO :: Binance Futuers
2021-11-30 23:37:13,131 ERROR :: Error while making GET request to /api/v3/exchangeInfo: {'timestamp': 1638295633005, 'status': 404, 'error': 'Not Found', 'message': 'No message available', 'path': '/api/v3/exchangeInfo'} (error code 404)
2021-11-30 23:37:13,765 INFO :: Binance Connection Opened
2021-11-30 23:46:29,666 ERROR :: Error while making GET request to /api/v3/exchangeInfo: {'timestamp': 1638296189573, 'status': 404, 'error': 'Not Found', 'message': 'No message available', 'path': '/api/v3/exchangeInfo'} (error code 404)
2021-11-30 23:46:30,184 ERROR :: Error while making GET request to /fapi/v2/account: {'code': -2014, 'msg': 'API-key format invalid.'} (error code 401)
2021-11-30 23:46:30,186 INFO :: Binance Futuers
2021-11-30 23:46:31,051 ERROR :: Error while making GET request to /api/v3/exchangeInfo: {'timestamp': 1638296190657, 'status': 404, 'error': 'Not Found', 'message': 'No message available', 'path': '/api/v3/exchangeInfo'} (error code 404)
2021-11-30 23:46:31,555 INFO :: Binance Connection Opened
2021-11-30 23:48:03,452 ERROR :: Error while making GET request to /fapi/v2/account: {'code': -2014, 'msg': 'API-key format invalid.'} (error code 401)
2021-11-30 23:48:03,453 INFO :: Binance Futuers
2021-11-30 23:48:04,126 INFO :: Binance Connection Opened
2021-11-30 23:54:35,265 ERROR :: Error while making GET request to /api/v3/exchangeInfo: {'timestamp': 1638296675082, 'status': 404, 'error': 'Not Found', 'message': 'No message available', 'path': '/api/v3/exchangeInfo'} (error code 404)
2021-11-30 23:54:35,832 ERROR :: Error while making GET request to /fapi/v2/account: {'code': -2014, 'msg': 'API-key format invalid.'} (error code 401)
2021-11-30 23:54:35,833 INFO :: Binance Futuers
2021-11-30 23:54:36,119 ERROR :: Error while making GET request to /api/v3/exchangeInfo: {'timestamp': 1638296676029, 'status': 404, 'error': 'Not Found', 'message': 'No message available', 'path': '/api/v3/exchangeInfo'} (error code 404)
2021-11-30 23:54:36,624 INFO :: Binance Connection Opened
2021-12-01 00:00:10,559 ERROR :: Error while making GET request to /fapi/v2/account: {'code': -2014, 'msg': 'API-key format invalid.'} (error code 401)
2021-12-01 00:00:10,560 INFO :: Binance Futuers
2021-12-01 00:00:11,342 INFO :: Binance Connection Opened
2021-12-01 00:01:34,168 ERROR :: Error while making GET request to /fapi/v2/account: {'code': -2014, 'msg': 'API-key format invalid.'} (error code 401)
2021-12-01 00:01:34,170 INFO :: Binance Futuers
2021-12-01 00:01:34,428 ERROR :: Error while making GET request to /fapi/v2/account: {'code': -2014, 'msg': 'API-key format invalid.'} (error code 401)
2021-12-01 00:01:34,882 INFO :: Binance Connection Opened
2021-12-01 10:39:13,614 ERROR :: Binance Connection Error [Errno 110] Connection timed out
2021-12-01 10:39:13,616 ERROR :: error from callback <bound method BinanceFutureClient._on_close of <connectors.binance_futures.BinanceFutureClient object at 0x7f2d0ff6f460>>: _on_close() takes 2 positional arguments but 4 were given
2021-12-01 10:39:13,616 ERROR :: Binance Connection Error _on_close() takes 2 positional arguments but 4 were given
2021-12-01 10:39:14,332 INFO :: Binance Connection Opened
2021-12-01 22:29:51,610 ERROR :: Binance Connection Error [Errno 110] Connection timed out
2021-12-01 22:29:51,611 ERROR :: error from callback <bound method BinanceFutureClient._on_close of <connectors.binance_futures.BinanceFutureClient object at 0x7f2d0ff6f460>>: _on_close() takes 2 positional arguments but 4 were given
2021-12-01 22:29:51,611 ERROR :: Binance Connection Error _on_close() takes 2 positional arguments but 4 were given
2021-12-01 22:29:52,311 INFO :: Binance Connection Opened
2021-12-02 09:57:40,216 ERROR :: Binance Connection Error [Errno 110] Connection timed out
2021-12-02 09:57:40,217 ERROR :: error from callback <bound method BinanceFutureClient._on_close of <connectors.binance_futures.BinanceFutureClient object at 0x7f2d0ff6f460>>: _on_close() takes 2 positional arguments but 4 were given
2021-12-02 09:57:40,217 ERROR :: Binance Connection Error _on_close() takes 2 positional arguments but 4 were given
2021-12-02 09:57:40,951 INFO :: Binance Connection Opened
2021-12-02 18:19:22,759 ERROR :: Binance Connection Error [Errno 110] Connection timed out
2021-12-02 18:19:22,761 ERROR :: error from callback <bound method BinanceFutureClient._on_close of <connectors.binance_futures.BinanceFutureClient object at 0x7f2d0ff6f460>>: _on_close() takes 2 positional arguments but 4 were given
2021-12-02 18:19:22,761 ERROR :: Binance Connection Error _on_close() takes 2 positional arguments but 4 were given
2021-12-02 18:19:23,511 INFO :: Binance Connection Opened
2021-12-02 18:37:53,210 ERROR :: Error while making GET request to /fapi/v2/account: {'code': -2014, 'msg': 'API-key format invalid.'} (error code 401)
2021-12-02 18:37:53,281 INFO :: Binance Futuers
2021-12-02 18:37:54,536 INFO :: Binance Connection Opened
2021-12-02 18:39:00,525 ERROR :: Error while making GET request to /fapi/v2/account: {'code': -2014, 'msg': 'API-key format invalid.'} (error code 401)
2021-12-02 18:39:00,526 INFO :: Binance Futuers
2021-12-02 18:39:01,215 INFO :: Binance Connection Opened
2021-12-02 18:39:36,965 ERROR :: Error while making GET request to /fapi/v2/account: {'code': -2014, 'msg': 'API-key format invalid.'} (error code 401)
2021-12-02 18:39:36,967 INFO :: Binance Futuers
2021-12-02 18:39:37,673 INFO :: Binance Connection Opened
2021-12-02 18:44:48,329 ERROR :: Error while making GET request to /fapi/v2/account: {'code': -2014, 'msg': 'API-key format invalid.'} (error code 401)
2021-12-02 18:44:48,338 INFO :: Binance Futuers
2021-12-02 18:44:48,987 INFO :: Binance Connection Opened
2021-12-02 18:45:05,296 ERROR :: Error while making GET request to /fapi/v2/account: {'code': -2014, 'msg': 'API-key format invalid.'} (error code 401)
2021-12-02 18:45:05,414 INFO :: Binance Futuers
2021-12-02 18:45:06,213 INFO :: Binance Connection Opened
2021-12-02 18:57:19,250 ERROR :: Error while making GET request to /fapi/v2/account: {'code': -2014, 'msg': 'API-key format invalid.'} (error code 401)
2021-12-02 18:57:19,251 INFO :: Binance Futuers
2021-12-02 18:57:20,275 INFO :: Binance Connection Opened
2021-12-02 19:02:46,099 ERROR :: Error while making GET request to /fapi/v2/account: {'code': -2014, 'msg': 'API-key format invalid.'} (error code 401)
2021-12-02 19:02:46,099 INFO :: Binance Futuers
2021-12-02 19:02:46,793 INFO :: Binance Connection Opened
2021-12-02 19:08:37,289 ERROR :: Error while making GET request to /fapi/v2/account: {'code': -2014, 'msg': 'API-key format invalid.'} (error code 401)
2021-12-02 19:08:37,290 INFO :: Binance Futuers
2021-12-02 19:08:38,067 INFO :: Binance Connection Opened
2021-12-02 19:11:33,507 ERROR :: Error while making GET request to /fapi/v2/account: {'code': -2014, 'msg': 'API-key format invalid.'} (error code 401)
2021-12-02 19:11:33,509 INFO :: Binance Futuers
2021-12-02 19:11:36,724 INFO :: Binance Connection Opened
2021-12-02 19:12:19,140 ERROR :: Error while making GET request to /fapi/v2/account: {'code': -2014, 'msg': 'API-key format invalid.'} (error code 401)
2021-12-02 19:12:19,141 INFO :: Binance Futuers
2021-12-02 19:12:19,934 INFO :: Binance Connection Opened
2021-12-02 19:21:21,458 ERROR :: Error while making GET request to /fapi/v2/account: {'code': -2014, 'msg': 'API-key format invalid.'} (error code 401)
2021-12-02 19:21:21,460 INFO :: Binance Futuers
2021-12-02 19:21:22,992 INFO :: Binance Connection Opened
2021-12-02 19:21:40,436 ERROR :: Error while making GET request to /fapi/v2/account: {'code': -2014, 'msg': 'API-key format invalid.'} (error code 401)
2021-12-02 19:21:40,439 INFO :: Binance Futuers
2021-12-02 19:21:41,202 INFO :: Binance Connection Opened
2021-12-02 19:22:32,982 ERROR :: Error while making GET request to /fapi/v2/account: {'code': -2014, 'msg': 'API-key format invalid.'} (error code 401)
2021-12-02 19:22:32,983 INFO :: Binance Futuers
2021-12-02 19:22:33,751 INFO :: Binance Connection Opened
2021-12-02 19:40:43,458 ERROR :: Error while making GET request to /fapi/v2/account: {'code': -2014, 'msg': 'API-key format invalid.'} (error code 401)
2021-12-02 19:40:43,461 INFO :: Binance Futuers
2021-12-02 19:40:44,277 INFO :: Binance Connection Opened
2021-12-02 19:41:41,105 ERROR :: Error while making GET request to /fapi/v2/account: {'code': -2014, 'msg': 'API-key format invalid.'} (error code 401)
2021-12-02 19:41:41,108 INFO :: Binance Futuers
2021-12-02 19:41:42,550 INFO :: Binance Connection Opened
2021-12-02 19:43:18,365 ERROR :: Error while making GET request to /fapi/v2/account: {'code': -2014, 'msg': 'API-key format invalid.'} (error code 401)
2021-12-02 19:43:18,367 INFO :: Binance Futuers
2021-12-02 19:43:19,055 INFO :: Binance Connection Opened
2021-12-02 19:47:29,229 ERROR :: Error while making GET request to /fapi/v2/account: {'code': -2014, 'msg': 'API-key format invalid.'} (error code 401)
2021-12-02 19:47:29,230 INFO :: Binance Futuers
2021-12-02 19:47:29,978 INFO :: Binance Connection Opened
2021-12-02 19:52:03,530 ERROR :: Error while making GET request to /fapi/v2/account: {'code': -2014, 'msg': 'API-key format invalid.'} (error code 401)
2021-12-02 19:52:03,531 INFO :: Binance Futuers
2021-12-02 19:52:04,699 INFO :: Binance Connection Opened
2021-12-02 19:54:19,148 ERROR :: Error while making GET request to /fapi/v2/account: {'code': -2014, 'msg': 'API-key format invalid.'} (error code 401)
2021-12-02 19:54:20,063 INFO :: Binance Futuers
2021-12-02 19:54:20,709 INFO :: Binance Connection Opened
2021-12-02 19:54:46,722 ERROR :: Error while making GET request to /fapi/v2/account: {'code': -2014, 'msg': 'API-key format invalid.'} (error code 401)
2021-12-02 19:54:46,724 INFO :: Binance Futuers
2021-12-02 19:54:47,518 INFO :: Binance Connection Opened
2021-12-02 19:55:15,293 ERROR :: Error while making GET request to /fapi/v2/account: {'code': -2014, 'msg': 'API-key format invalid.'} (error code 401)
2021-12-02 19:55:15,296 INFO :: Binance Futuers
2021-12-02 19:55:16,171 INFO :: Binance Connection Opened
2021-12-02 23:13:22,506 ERROR :: Error while making GET request to /fapi/v2/account: {'code': -2014, 'msg': 'API-key format invalid.'} (error code 401)
2021-12-02 23:13:22,509 INFO :: Binance Futuers
2021-12-02 23:13:24,087 INFO :: Binance Connection Opened
2021-12-02 23:14:27,826 ERROR :: Error while making GET request to /fapi/v2/account: {'code': -2014, 'msg': 'API-key format invalid.'} (error code 401)
2021-12-02 23:14:27,828 INFO :: Binance Futuers
2021-12-02 23:14:28,693 INFO :: Binance Connection Opened
2021-12-02 23:17:32,032 ERROR :: Error while making GET request to /fapi/v2/account: {'code': -2014, 'msg': 'API-key format invalid.'} (error code 401)
2021-12-02 23:17:32,034 INFO :: Binance Futuers
2021-12-02 23:17:33,011 INFO :: Binance Connection Opened
2021-12-02 23:19:57,523 ERROR :: Error while making GET request to /fapi/v2/account: {'code': -2014, 'msg': 'API-key format invalid.'} (error code 401)
2021-12-02 23:19:57,637 INFO :: Binance Futuers
2021-12-02 23:19:58,664 INFO :: Binance Connection Opened
2021-12-02 23:20:48,693 ERROR :: Error while making GET request to /fapi/v2/account: {'code': -2014, 'msg': 'API-key format invalid.'} (error code 401)
2021-12-02 23:20:48,694 INFO :: Binance Futuers
2021-12-02 23:20:49,423 INFO :: Binance Connection Opened
2021-12-02 23:25:09,549 ERROR :: Error while making GET request to /fapi/v2/account: {'code': -2014, 'msg': 'API-key format invalid.'} (error code 401)
2021-12-02 23:25:09,550 INFO :: Binance Futuers
2021-12-02 23:25:10,300 INFO :: Binance Connection Opened
2021-12-02 23:26:34,951 ERROR :: Error while making GET request to /fapi/v2/account: {'code': -2014, 'msg': 'API-key format invalid.'} (error code 401)
2021-12-02 23:26:34,952 INFO :: Binance Futuers
2021-12-02 23:26:36,505 INFO :: Binance Connection Opened
2021-12-02 23:26:48,162 ERROR :: Error while making GET request to /fapi/v2/account: {'code': -2014, 'msg': 'API-key format invalid.'} (error code 401)
2021-12-02 23:26:48,163 INFO :: Binance Futuers
2021-12-02 23:26:49,097 INFO :: Binance Connection Opened
2021-12-02 23:39:18,878 ERROR :: Error while making GET request to /fapi/v2/account: {'code': -2014, 'msg': 'API-key format invalid.'} (error code 401)
2021-12-02 23:39:18,879 INFO :: Binance Futuers
2021-12-02 23:39:19,736 INFO :: Binance Connection Opened
2021-12-02 23:41:49,950 ERROR :: Error while making GET request to /fapi/v2/account: {'code': -2014, 'msg': 'API-key format invalid.'} (error code 401)
2021-12-02 23:41:49,951 INFO :: Binance Futuers
2021-12-02 23:41:50,914 INFO :: Binance Connection Opened
2021-12-02 23:42:19,384 ERROR :: Error while making GET request to /fapi/v2/account: {'code': -2014, 'msg': 'API-key format invalid.'} (error code 401)
2021-12-02 23:42:19,385 INFO :: Binance Futuers
2021-12-02 23:42:20,141 INFO :: Binance Connection Opened
2021-12-02 23:42:49,395 ERROR :: Error while making GET request to /fapi/v2/account: {'code': -2014, 'msg': 'API-key format invalid.'} (error code 401)
2021-12-02 23:42:50,369 INFO :: Binance Futuers
2021-12-02 23:42:51,090 INFO :: Binance Connection Opened
2021-12-03 09:55:03,872 ERROR :: Binance Connection Error [Errno 110] Connection timed out
2021-12-03 09:55:03,874 ERROR :: error from callback <bound method BinanceFutureClient._on_close of <connectors.binance_futures.BinanceFutureClient object at 0x7f761d89cd90>>: _on_close() takes 2 positional arguments but 4 were given
2021-12-03 09:55:03,875 ERROR :: Binance Connection Error _on_close() takes 2 positional arguments but 4 were given
2021-12-03 09:55:04,385 ERROR :: Binance Connection Error [Errno 110] Connection timed out
2021-12-03 09:55:04,387 ERROR :: error from callback <bound method BinanceFutureClient._on_close of <connectors.binance_futures.BinanceFutureClient object at 0x7f4d52850c10>>: _on_close() takes 2 positional arguments but 4 were given
2021-12-03 09:55:04,388 ERROR :: Binance Connection Error _on_close() takes 2 positional arguments but 4 were given
2021-12-03 09:55:04,611 INFO :: Binance Connection Opened
2021-12-03 09:55:05,116 INFO :: Binance Connection Opened
2021-12-03 10:17:28,350 ERROR :: Error while making GET request to /fapi/v2/account: {'code': -2014, 'msg': 'API-key format invalid.'} (error code 401)
2021-12-03 10:17:28,845 INFO :: Binance Futuers
2021-12-03 10:17:30,019 INFO :: Binance Connection Opened
2021-12-03 10:28:29,171 ERROR :: Error while making GET request to /fapi/v2/account: {'code': -2014, 'msg': 'API-key format invalid.'} (error code 401)
2021-12-03 10:28:29,173 INFO :: Binance Futuers
2021-12-03 10:28:29,950 INFO :: Binance Connection Opened
2021-12-03 10:32:47,326 ERROR :: Error while making GET request to /fapi/v2/account: {'code': -2014, 'msg': 'API-key format invalid.'} (error code 401)
2021-12-03 10:32:47,327 INFO :: Binance Futuers
2021-12-03 10:32:48,211 INFO :: Binance Connection Opened
2021-12-03 18:22:49,835 ERROR :: Error while making GET request to /fapi/v2/account: {'code': -2014, 'msg': 'API-key format invalid.'} (error code 401)
2021-12-03 18:22:49,838 INFO :: Binance Futuers
2021-12-03 18:22:52,162 INFO :: Binance Connection Opened
2021-12-03 21:04:36,084 ERROR :: Binance Connection Error [Errno 110] Connection timed out
2021-12-03 21:04:36,089 ERROR :: error from callback <bound method BinanceFutureClient._on_close of <connectors.binance_futures.BinanceFutureClient object at 0x7fa89e650cd0>>: _on_close() takes 2 positional arguments but 4 were given
2021-12-03 21:04:36,090 ERROR :: Binance Connection Error _on_close() takes 2 positional arguments but 4 were given
2021-12-03 21:04:36,726 INFO :: Binance Connection Opened
2021-12-03 23:26:53,980 ERROR :: Error while making GET request to /fapi/v2/account: {'code': -2014, 'msg': 'API-key format invalid.'} (error code 401)
2021-12-03 23:26:54,594 INFO :: Binance Futuers
2021-12-03 23:26:55,423 INFO :: Binance Connection Opened
2021-12-03 23:36:18,736 ERROR :: Error while making GET request to /fapi/v2/account: {'code': -2014, 'msg': 'API-key format invalid.'} (error code 401)
2021-12-03 23:36:18,738 INFO :: Binance Futuers
2021-12-03 23:36:19,371 INFO :: Binance Connection Opened
2021-12-03 23:40:17,187 ERROR :: Error while making GET request to /fapi/v2/account: {'code': -2014, 'msg': 'API-key format invalid.'} (error code 401)
2021-12-03 23:40:17,188 INFO :: Binance Futuers
2021-12-03 23:40:17,907 INFO :: Binance Connection Opened
2021-12-03 23:44:30,725 ERROR :: Error while making GET request to /fapi/v2/account: {'code': -2014, 'msg': 'API-key format invalid.'} (error code 401)
2021-12-03 23:44:30,740 INFO :: Binance Futuers
2021-12-03 23:44:31,464 INFO :: Binance Connection Opened
2021-12-03 23:46:50,028 ERROR :: Error while making GET request to /fapi/v2/account: {'code': -2014, 'msg': 'API-key format invalid.'} (error code 401)
2021-12-03 23:46:50,029 INFO :: Binance Futuers
2021-12-03 23:46:50,659 INFO :: Binance Connection Opened
2021-12-03 23:48:02,312 ERROR :: Error while making GET request to /fapi/v2/account: {'code': -2014, 'msg': 'API-key format invalid.'} (error code 401)
2021-12-03 23:48:02,315 INFO :: Binance Futuers
2021-12-03 23:48:02,987 INFO :: Binance Connection Opened
2021-12-03 23:48:37,410 ERROR :: Error while making GET request to /fapi/v2/account: {'code': -2014, 'msg': 'API-key format invalid.'} (error code 401)
2021-12-03 23:48:37,413 INFO :: Binance Futuers
2021-12-03 23:48:38,658 INFO :: Binance Connection Opened
2021-12-04 00:13:11,860 ERROR :: Error while making GET request to /fapi/v2/account: {'code': -2014, 'msg': 'API-key format invalid.'} (error code 401)
2021-12-04 00:13:11,862 INFO :: Binance Futuers
2021-12-04 00:13:12,771 INFO :: Binance Connection Opened
2021-12-04 00:20:41,527 ERROR :: Error while making GET request to /fapi/v2/account: {'code': -2014, 'msg': 'API-key format invalid.'} (error code 401)
2021-12-04 00:20:41,529 INFO :: Binance Futuers
2021-12-04 00:20:42,323 INFO :: Binance Connection Opened
2021-12-04 00:22:31,575 ERROR :: Error while making GET request to /fapi/v2/account: {'code': -2014, 'msg': 'API-key format invalid.'} (error code 401)
2021-12-04 00:22:31,577 INFO :: Binance Futuers
2021-12-04 00:22:37,379 INFO :: Binance Connection Opened
2021-12-04 00:28:05,046 ERROR :: Error while making GET request to /fapi/v2/account: {'code': -2014, 'msg': 'API-key format invalid.'} (error code 401)
2021-12-04 00:28:05,048 INFO :: Binance Futuers
2021-12-04 00:28:06,015 INFO :: Binance Connection Opened
2021-12-04 00:29:49,490 ERROR :: Error while making GET request to /fapi/v2/account: {'code': -2014, 'msg': 'API-key format invalid.'} (error code 401)
2021-12-04 00:29:49,493 INFO :: Binance Futuers
2021-12-04 00:29:52,680 INFO :: Binance Connection Opened
2021-12-04 00:30:31,583 ERROR :: Error while making GET request to /fapi/v2/account: {'code': -2014, 'msg': 'API-key format invalid.'} (error code 401)
2021-12-04 00:30:31,586 INFO :: Binance Futuers
2021-12-04 00:30:33,318 INFO :: Binance Connection Opened
2021-12-04 09:13:07,269 ERROR :: Error while making GET request to /fapi/v2/account: {'code': -2014, 'msg': 'API-key format invalid.'} (error code 401)
2021-12-04 09:13:07,271 INFO :: Binance Futuers
2021-12-04 09:13:08,990 INFO :: Binance Connection Opened
2021-12-04 10:47:13,907 ERROR :: Error while making GET request to /fapi/v2/account: {'code': -2014, 'msg': 'API-key format invalid.'} (error code 401)
2021-12-04 10:47:14,591 INFO :: Binance Futuers
2021-12-04 10:47:15,677 INFO :: Binance Connection Opened
2021-12-04 11:05:29,397 ERROR :: Error while making GET request to /fapi/v2/account: {'code': -2014, 'msg': 'API-key format invalid.'} (error code 401)
2021-12-04 11:05:29,422 INFO :: Binance Futuers
2021-12-04 11:05:30,113 INFO :: Binance Connection Opened
2021-12-04 19:03:08,259 ERROR :: Error while making GET request to /fapi/v2/account: {'code': -2014, 'msg': 'API-key format invalid.'} (error code 401)
2021-12-04 19:03:08,304 INFO :: Binance Futuers
2021-12-04 19:03:09,154 INFO :: Binance Connection Opened
2022-01-02 10:58:05,215 ERROR :: Error while making GET request to /fapi/v2/account: {'code': -2014, 'msg': 'API-key format invalid.'} (error code 401)
2022-01-02 10:58:05,216 INFO :: Binance Futuers
2022-01-02 10:58:06,461 INFO :: Binance Connection Opened
2022-01-02 12:53:44,495 ERROR :: Error while making GET request to /fapi/v2/account: {'code': -2014, 'msg': 'API-key format invalid.'} (error code 401)
2022-01-02 12:53:45,212 INFO :: Binance Futuers
2022-01-02 12:53:48,462 INFO :: Binance Connection Opened
2022-01-02 12:54:45,193 ERROR :: Error while making GET request to /fapi/v2/account: {'code': -2014, 'msg': 'API-key format invalid.'} (error code 401)
2022-01-02 12:54:45,195 INFO :: Binance Futuers
2022-01-02 12:54:46,029 INFO :: Binance Connection Opened
2022-01-02 22:05:40,667 ERROR :: Error while making GET request to /fapi/v2/account: {'code': -2014, 'msg': 'API-key format invalid.'} (error code 401)
2022-01-02 22:05:40,731 INFO :: Binance Futuers
2022-01-02 22:05:42,907 INFO :: Binance Connection Opened
2022-01-02 22:06:37,715 ERROR :: Error while making GET request to /fapi/v2/account: {'code': -2014, 'msg': 'API-key format invalid.'} (error code 401)
2022-01-02 22:06:37,724 INFO :: Binance Futuers
2022-01-02 22:06:38,521 INFO :: Binance Connection Opened
2022-01-02 22:10:00,147 ERROR :: Error while making GET request to /fapi/v2/account: {'code': -2014, 'msg': 'API-key format invalid.'} (error code 401)
2022-01-02 22:10:00,148 INFO :: Binance Futuers
2022-01-02 22:10:01,017 INFO :: Binance Connection Opened
2022-01-02 23:16:22,187 ERROR :: Error while making GET request to /fapi/v2/account: {'code': -2014, 'msg': 'API-key format invalid.'} (error code 401)
2022-01-02 23:16:22,190 INFO :: Binance Futuers
2022-01-02 23:16:24,023 INFO :: Binance Connection Opened
2022-01-02 23:23:59,013 ERROR :: Error while making GET request to /fapi/v2/account: {'code': -2014, 'msg': 'API-key format invalid.'} (error code 401)
2022-01-02 23:23:59,013 INFO :: Binance Futuers
2022-01-02 23:23:59,685 INFO :: Binance Connection Opened
